# JRE version: Java(TM) SE Runtime Environment (22.0.2+9) (build 22.0.2+9-70)
# Java VM: Java HotSpot(TM) 64-Bit Server VM (22.0.2+9-70, mixed mode, sharing, tiered, compressed oops, compressed class ptrs, g1 gc, windows-amd64)
GC Precious Log:
 CardTable entry size: 512
 Card Set container configuration: InlinePtr #cards 5 size 8 Array Of Cards #cards 12 size 40 Howl #buckets 4 coarsen threshold 1843 Howl Bitmap #cards 512 size 80 coarsen threshold 460 Card regions per heap region 1 cards per card region 2048
 CPUs: 12 total, 12 available
 Memory: 7832M
 Large Page Support: Disabled
 NUMA Support: Disabled
 Compressed Oops: Enabled (32-bit)
 Heap Region Size: 1M
 Heap Min Capacity: 8M
 Heap Initial Capacity: 124M
 Heap Max Capacity: 2G
 Pre-touch: Disabled
 Parallel Workers: 10
 Concurrent Workers: 3
 Concurrent Refinement Workers: 10
 Periodic GC: Disabled
Heap:
 garbage-first heap   total reserved 2097152K, committed 171008K, used 97115K [0x0000000080000000, 0x0000000100000000)
  region size 1024K, 4 young (4096K), 4 survivors (4096K)
 Metaspace       used 112378K, committed 114752K, reserved 1179648K
  class space    used 14974K, committed 16128K, reserved 1048576K
GC Heap History (20 events):
Event: 10.510 GC heap after
{Heap after GC invocations=21 (full 0):
 garbage-first heap   total reserved 2097152K, committed 150528K, used 71045K [0x0000000080000000, 0x0000000100000000)
  region size 1024K, 6 young (6144K), 6 survivors (6144K)
 Metaspace       used 79128K, committed 81088K, reserved 1179648K
  class space    used 10932K, committed 11840K, reserved 1048576K
}
Event: 11.286 GC heap before
{Heap before GC invocations=21 (full 0):
 garbage-first heap   total reserved 2097152K, committed 150528K, used 132485K [0x0000000080000000, 0x0000000100000000)
  region size 1024K, 67 young (68608K), 6 survivors (6144K)
 Metaspace       used 87064K, committed 89024K, reserved 1179648K
  class space    used 11866K, committed 12800K, reserved 1048576K
}
Event: 11.297 GC heap after
{Heap after GC invocations=22 (full 0):
 garbage-first heap   total reserved 2097152K, committed 150528K, used 75985K [0x0000000080000000, 0x0000000100000000)
  region size 1024K, 8 young (8192K), 8 survivors (8192K)
 Metaspace       used 87064K, committed 89024K, reserved 1179648K
  class space    used 11866K, committed 12800K, reserved 1048576K
}
Event: 12.164 GC heap before
{Heap before GC invocations=23 (full 0):
 garbage-first heap   total reserved 2097152K, committed 150528K, used 133329K [0x0000000080000000, 0x0000000100000000)
  region size 1024K, 64 young (65536K), 8 survivors (8192K)
 Metaspace       used 95813K, committed 97792K, reserved 1179648K
  class space    used 12669K, committed 13632K, reserved 1048576K
}
Event: 12.172 GC heap after
{Heap after GC invocations=24 (full 0):
 garbage-first heap   total reserved 2097152K, committed 150528K, used 76780K [0x0000000080000000, 0x0000000100000000)
  region size 1024K, 6 young (6144K), 6 survivors (6144K)
 Metaspace       used 95813K, committed 97792K, reserved 1179648K
  class space    used 12669K, committed 13632K, reserved 1048576K
}
Event: 12.951 GC heap before
{Heap before GC invocations=24 (full 0):
 garbage-first heap   total reserved 2097152K, committed 150528K, used 136172K [0x0000000080000000, 0x0000000100000000)
  region size 1024K, 63 young (64512K), 6 survivors (6144K)
 Metaspace       used 100568K, committed 102784K, reserved 1179648K
  class space    used 13442K, committed 14464K, reserved 1048576K
}
Event: 12.962 GC heap after
{Heap after GC invocations=25 (full 0):
 garbage-first heap   total reserved 2097152K, committed 151552K, used 82614K [0x0000000080000000, 0x0000000100000000)
  region size 1024K, 8 young (8192K), 8 survivors (8192K)
 Metaspace       used 100568K, committed 102784K, reserved 1179648K
  class space    used 13442K, committed 14464K, reserved 1048576K
}
Event: 13.319 GC heap before
{Heap before GC invocations=25 (full 0):
 garbage-first heap   total reserved 2097152K, committed 151552K, used 133814K [0x0000000080000000, 0x0000000100000000)
  region size 1024K, 58 young (59392K), 8 survivors (8192K)
 Metaspace       used 101155K, committed 103360K, reserved 1179648K
  class space    used 13483K, committed 14528K, reserved 1048576K
}
Event: 13.326 GC heap after
{Heap after GC invocations=26 (full 0):
 garbage-first heap   total reserved 2097152K, committed 151552K, used 87504K [0x0000000080000000, 0x0000000100000000)
  region size 1024K, 5 young (5120K), 5 survivors (5120K)
 Metaspace       used 101155K, committed 103360K, reserved 1179648K
  class space    used 13483K, committed 14528K, reserved 1048576K
}
Event: 14.252 GC heap before
{Heap before GC invocations=27 (full 0):
 garbage-first heap   total reserved 2097152K, committed 151552K, used 137680K [0x0000000080000000, 0x0000000100000000)
  region size 1024K, 54 young (55296K), 5 survivors (5120K)
 Metaspace       used 106181K, committed 108416K, reserved 1179648K
  class space    used 14223K, committed 15296K, reserved 1048576K
}
Event: 14.259 GC heap after
{Heap after GC invocations=28 (full 0):
 garbage-first heap   total reserved 2097152K, committed 151552K, used 92747K [0x0000000080000000, 0x0000000100000000)
  region size 1024K, 5 young (5120K), 5 survivors (5120K)
 Metaspace       used 106181K, committed 108416K, reserved 1179648K
  class space    used 14223K, committed 15296K, reserved 1048576K
}
Event: 14.686 GC heap before
{Heap before GC invocations=28 (full 0):
 garbage-first heap   total reserved 2097152K, committed 151552K, used 138827K [0x0000000080000000, 0x0000000100000000)
  region size 1024K, 49 young (50176K), 5 survivors (5120K)
 Metaspace       used 108242K, committed 110592K, reserved 1179648K
  class space    used 14548K, committed 15680K, reserved 1048576K
}
Event: 14.698 GC heap after
{Heap after GC invocations=29 (full 0):
 garbage-first heap   total reserved 2097152K, committed 153600K, used 99425K [0x0000000080000000, 0x0000000100000000)
  region size 1024K, 7 young (7168K), 7 survivors (7168K)
 Metaspace       used 108242K, committed 110592K, reserved 1179648K
  class space    used 14548K, committed 15680K, reserved 1048576K
}
Event: 14.943 GC heap before
{Heap before GC invocations=29 (full 0):
 garbage-first heap   total reserved 2097152K, committed 153600K, used 137313K [0x0000000080000000, 0x0000000100000000)
  region size 1024K, 44 young (45056K), 7 survivors (7168K)
 Metaspace       used 108643K, committed 110912K, reserved 1179648K
  class space    used 14577K, committed 15680K, reserved 1048576K
}
Event: 14.949 GC heap after
{Heap after GC invocations=30 (full 0):
 garbage-first heap   total reserved 2097152K, committed 153600K, used 100925K [0x0000000080000000, 0x0000000100000000)
  region size 1024K, 4 young (4096K), 4 survivors (4096K)
 Metaspace       used 108643K, committed 110912K, reserved 1179648K
  class space    used 14577K, committed 15680K, reserved 1048576K
}
Event: 15.939 GC heap before
{Heap before GC invocations=31 (full 0):
 garbage-first heap   total reserved 2097152K, committed 171008K, used 138813K [0x0000000080000000, 0x0000000100000000)
  region size 1024K, 41 young (41984K), 4 survivors (4096K)
 Metaspace       used 111215K, committed 113536K, reserved 1179648K
  class space    used 14871K, committed 16000K, reserved 1048576K
}
Event: 15.947 GC heap after
{Heap after GC invocations=32 (full 0):
 garbage-first heap   total reserved 2097152K, committed 171008K, used 105967K [0x0000000080000000, 0x0000000100000000)
  region size 1024K, 6 young (6144K), 6 survivors (6144K)
 Metaspace       used 111215K, committed 113536K, reserved 1179648K
  class space    used 14871K, committed 16000K, reserved 1048576K
}
Event: 16.327 GC heap before
{Heap before GC invocations=32 (full 0):
 garbage-first heap   total reserved 2097152K, committed 171008K, used 153071K [0x0000000080000000, 0x0000000100000000)
  region size 1024K, 53 young (54272K), 6 survivors (6144K)
 Metaspace       used 112093K, committed 114496K, reserved 1179648K
  class space    used 14972K, committed 16128K, reserved 1048576K
}
Event: 16.334 GC heap after
{Heap after GC invocations=33 (full 0):
 garbage-first heap   total reserved 2097152K, committed 171008K, used 95974K [0x0000000080000000, 0x0000000100000000)
  region size 1024K, 5 young (5120K), 5 survivors (5120K)
 Metaspace       used 112093K, committed 114496K, reserved 1179648K
  class space    used 14972K, committed 16128K, reserved 1048576K
}
Event: 16.611 GC heap before
{Heap before GC invocations=33 (full 0):
 garbage-first heap   total reserved 2097152K, committed 171008K, used 151270K [0x0000000080000000, 0x0000000100000000)
  region size 1024K, 60 young (61440K), 5 survivors (5120K)
 Metaspace       used 112378K, committed 114752K, reserved 1179648K
  class space    used 14974K, committed 16128K, reserved 1048576K
}

