# JRE version: Java(TM) SE Runtime Environment (22.0.2+9) (build 22.0.2+9-70)
# Java VM: Java HotSpot(TM) 64-Bit Server VM (22.0.2+9-70, mixed mode, sharing, tiered, compressed oops, compressed class ptrs, g1 gc, windows-amd64)
GC Precious Log:
 CardTable entry size: 512
 Card Set container configuration: InlinePtr #cards 5 size 8 Array Of Cards #cards 12 size 40 Howl #buckets 4 coarsen threshold 1843 Howl Bitmap #cards 512 size 80 coarsen threshold 460 Card regions per heap region 1 cards per card region 2048
 CPUs: 12 total, 12 available
 Memory: 7832M
 Large Page Support: Disabled
 NUMA Support: Disabled
 Compressed Oops: Enabled (32-bit)
 Heap Region Size: 1M
 Heap Min Capacity: 8M
 Heap Initial Capacity: 124M
 Heap Max Capacity: 1960M
 Pre-touch: Disabled
 Parallel Workers: 10
 Concurrent Workers: 3
 Concurrent Refinement Workers: 10
 Periodic GC: Disabled
Heap:
 garbage-first heap   total reserved 2007040K, committed 332800K, used 204550K [0x0000000085800000, 0x0000000100000000)
  region size 1024K, 40 young (40960K), 15 survivors (15360K)
 Metaspace       used 54879K, committed 55232K, reserved 1114112K
  class space    used 6445K, committed 6592K, reserved 1048576K
GC Heap History (20 events):
Event: 6.815 GC heap before
{Heap before GC invocations=10 (full 0):
 garbage-first heap   total reserved 2007040K, committed 114688K, used 95232K [0x0000000085800000, 0x0000000100000000)
  region size 1024K, 36 young (36864K), 6 survivors (6144K)
 Metaspace       used 41498K, committed 41792K, reserved 1114112K
  class space    used 4928K, committed 5056K, reserved 1048576K
}
Event: 6.830 GC heap after
{Heap after GC invocations=11 (full 0):
 garbage-first heap   total reserved 2007040K, committed 114688K, used 74240K [0x0000000085800000, 0x0000000100000000)
  region size 1024K, 5 young (5120K), 5 survivors (5120K)
 Metaspace       used 41498K, committed 41792K, reserved 1114112K
  class space    used 4928K, committed 5056K, reserved 1048576K
}
Event: 7.017 GC heap before
{Heap before GC invocations=12 (full 0):
 garbage-first heap   total reserved 2007040K, committed 124928K, used 97792K [0x0000000085800000, 0x0000000100000000)
  region size 1024K, 28 young (28672K), 5 survivors (5120K)
 Metaspace       used 41572K, committed 41856K, reserved 1114112K
  class space    used 4931K, committed 5056K, reserved 1048576K
}
Event: 7.027 GC heap after
{Heap after GC invocations=13 (full 0):
 garbage-first heap   total reserved 2007040K, committed 124928K, used 79360K [0x0000000085800000, 0x0000000100000000)
  region size 1024K, 4 young (4096K), 4 survivors (4096K)
 Metaspace       used 41572K, committed 41856K, reserved 1114112K
  class space    used 4931K, committed 5056K, reserved 1048576K
}
Event: 7.081 GC heap before
{Heap before GC invocations=13 (full 0):
 garbage-first heap   total reserved 2007040K, committed 124928K, used 105984K [0x0000000085800000, 0x0000000100000000)
  region size 1024K, 31 young (31744K), 4 survivors (4096K)
 Metaspace       used 41573K, committed 41856K, reserved 1114112K
  class space    used 4931K, committed 5056K, reserved 1048576K
}
Event: 7.088 GC heap after
{Heap after GC invocations=14 (full 0):
 garbage-first heap   total reserved 2007040K, committed 180224K, used 84480K [0x0000000085800000, 0x0000000100000000)
  region size 1024K, 4 young (4096K), 4 survivors (4096K)
 Metaspace       used 41573K, committed 41856K, reserved 1114112K
  class space    used 4931K, committed 5056K, reserved 1048576K
}
Event: 7.296 GC heap before
{Heap before GC invocations=14 (full 0):
 garbage-first heap   total reserved 2007040K, committed 180224K, used 144896K [0x0000000085800000, 0x0000000100000000)
  region size 1024K, 63 young (64512K), 4 survivors (4096K)
 Metaspace       used 41573K, committed 41856K, reserved 1114112K
  class space    used 4931K, committed 5056K, reserved 1048576K
}
Event: 7.305 GC heap after
{Heap after GC invocations=15 (full 0):
 garbage-first heap   total reserved 2007040K, committed 180224K, used 97076K [0x0000000085800000, 0x0000000100000000)
  region size 1024K, 8 young (8192K), 8 survivors (8192K)
 Metaspace       used 41573K, committed 41856K, reserved 1114112K
  class space    used 4931K, committed 5056K, reserved 1048576K
}
Event: 7.483 GC heap before
{Heap before GC invocations=15 (full 0):
 garbage-first heap   total reserved 2007040K, committed 180224K, used 150324K [0x0000000085800000, 0x0000000100000000)
  region size 1024K, 60 young (61440K), 8 survivors (8192K)
 Metaspace       used 41594K, committed 41856K, reserved 1114112K
  class space    used 4932K, committed 5056K, reserved 1048576K
}
Event: 7.496 GC heap after
{Heap after GC invocations=16 (full 0):
 garbage-first heap   total reserved 2007040K, committed 180224K, used 108544K [0x0000000085800000, 0x0000000100000000)
  region size 1024K, 8 young (8192K), 8 survivors (8192K)
 Metaspace       used 41594K, committed 41856K, reserved 1114112K
  class space    used 4932K, committed 5056K, reserved 1048576K
}
Event: 7.585 GC heap before
{Heap before GC invocations=16 (full 0):
 garbage-first heap   total reserved 2007040K, committed 180224K, used 154624K [0x0000000085800000, 0x0000000100000000)
  region size 1024K, 53 young (54272K), 8 survivors (8192K)
 Metaspace       used 41594K, committed 41856K, reserved 1114112K
  class space    used 4932K, committed 5056K, reserved 1048576K
}
Event: 7.596 GC heap after
{Heap after GC invocations=17 (full 0):
 garbage-first heap   total reserved 2007040K, committed 180224K, used 119281K [0x0000000085800000, 0x0000000100000000)
  region size 1024K, 7 young (7168K), 7 survivors (7168K)
 Metaspace       used 41594K, committed 41856K, reserved 1114112K
  class space    used 4932K, committed 5056K, reserved 1048576K
}
Event: 7.889 GC heap before
{Heap before GC invocations=18 (full 0):
 garbage-first heap   total reserved 2007040K, committed 199680K, used 158193K [0x0000000085800000, 0x0000000100000000)
  region size 1024K, 45 young (46080K), 7 survivors (7168K)
 Metaspace       used 41594K, committed 41856K, reserved 1114112K
  class space    used 4932K, committed 5056K, reserved 1048576K
}
Event: 7.897 GC heap after
{Heap after GC invocations=19 (full 0):
 garbage-first heap   total reserved 2007040K, committed 199680K, used 128000K [0x0000000085800000, 0x0000000100000000)
  region size 1024K, 6 young (6144K), 6 survivors (6144K)
 Metaspace       used 41594K, committed 41856K, reserved 1114112K
  class space    used 4932K, committed 5056K, reserved 1048576K
}
Event: 8.117 GC heap before
{Heap before GC invocations=19 (full 0):
 garbage-first heap   total reserved 2007040K, committed 199680K, used 175104K [0x0000000085800000, 0x0000000100000000)
  region size 1024K, 52 young (53248K), 6 survivors (6144K)
 Metaspace       used 41627K, committed 41856K, reserved 1114112K
  class space    used 4933K, committed 5056K, reserved 1048576K
}
Event: 8.126 GC heap after
{Heap after GC invocations=20 (full 0):
 garbage-first heap   total reserved 2007040K, committed 332800K, used 137093K [0x0000000085800000, 0x0000000100000000)
  region size 1024K, 7 young (7168K), 7 survivors (7168K)
 Metaspace       used 41627K, committed 41856K, reserved 1114112K
  class space    used 4933K, committed 5056K, reserved 1048576K
}
Event: 9.221 GC heap before
{Heap before GC invocations=20 (full 0):
 garbage-first heap   total reserved 2007040K, committed 332800K, used 265093K [0x0000000085800000, 0x0000000100000000)
  region size 1024K, 132 young (135168K), 7 survivors (7168K)
 Metaspace       used 42885K, committed 43200K, reserved 1114112K
  class space    used 5096K, committed 5248K, reserved 1048576K
}
Event: 9.238 GC heap after
{Heap after GC invocations=21 (full 0):
 garbage-first heap   total reserved 2007040K, committed 332800K, used 163840K [0x0000000085800000, 0x0000000100000000)
  region size 1024K, 17 young (17408K), 17 survivors (17408K)
 Metaspace       used 42885K, committed 43200K, reserved 1114112K
  class space    used 5096K, committed 5248K, reserved 1048576K
}
Event: 14.411 GC heap before
{Heap before GC invocations=21 (full 0):
 garbage-first heap   total reserved 2007040K, committed 332800K, used 266240K [0x0000000085800000, 0x0000000100000000)
  region size 1024K, 117 young (119808K), 17 survivors (17408K)
 Metaspace       used 54414K, committed 54784K, reserved 1114112K
  class space    used 6419K, committed 6592K, reserved 1048576K
}
Event: 14.440 GC heap after
{Heap after GC invocations=22 (full 0):
 garbage-first heap   total reserved 2007040K, committed 332800K, used 179974K [0x0000000085800000, 0x0000000100000000)
  region size 1024K, 15 young (15360K), 15 survivors (15360K)
 Metaspace       used 54414K, committed 54784K, reserved 1114112K
  class space    used 6419K, committed 6592K, reserved 1048576K
}

