# JRE version: OpenJDK Runtime Environment (21.0.5) (build 21.0.5+-13047016-b750.29)
# Java VM: OpenJDK 64-Bit Server VM (21.0.5+-13047016-b750.29, mixed mode, tiered, compressed oops, compressed class ptrs, g1 gc, windows-amd64)
GC Precious Log:
 CardTable entry size: 512
 Card Set container configuration: InlinePtr #cards 5 size 8 Array Of Cards #cards 12 size 40 Howl #buckets 4 coarsen threshold 1843 Howl Bitmap #cards 512 size 80 coarsen threshold 460 Card regions per heap region 1 cards per card region 2048
 CPUs: 12 total, 12 available
 Memory: 7832M
 Large Page Support: Disabled
 NUMA Support: Disabled
 Compressed Oops: Enabled (32-bit)
 Heap Region Size: 1M
 Heap Min Capacity: 8M
 Heap Initial Capacity: 124M
 Heap Max Capacity: 1960M
 Pre-touch: Disabled
 Parallel Workers: 10
 Concurrent Workers: 3
 Concurrent Refinement Workers: 10
 Periodic GC: Disabled
Heap:
 garbage-first heap   total 163840K, used 111001K [0x0000000085800000, 0x0000000100000000)
  region size 1024K, 6 young (6144K), 6 survivors (6144K)
 Metaspace       used 51548K, committed 51840K, reserved 1114112K
  class space    used 5746K, committed 5888K, reserved 1048576K
GC Heap History (20 events):
Event: 3.688 GC heap after
{Heap after GC invocations=12 (full 0):
 garbage-first heap   total 92160K, used 45568K [0x0000000085800000, 0x0000000100000000)
  region size 1024K, 4 young (4096K), 4 survivors (4096K)
 Metaspace       used 45887K, committed 46144K, reserved 1114112K
  class space    used 5190K, committed 5312K, reserved 1048576K
}
Event: 4.123 GC heap before
{Heap before GC invocations=13 (full 0):
 garbage-first heap   total 92160K, used 73216K [0x0000000085800000, 0x0000000100000000)
  region size 1024K, 32 young (32768K), 4 survivors (4096K)
 Metaspace       used 49690K, committed 49984K, reserved 1114112K
  class space    used 5624K, committed 5760K, reserved 1048576K
}
Event: 4.134 GC heap after
{Heap after GC invocations=14 (full 0):
 garbage-first heap   total 92160K, used 50176K [0x0000000085800000, 0x0000000100000000)
  region size 1024K, 4 young (4096K), 4 survivors (4096K)
 Metaspace       used 49690K, committed 49984K, reserved 1114112K
  class space    used 5624K, committed 5760K, reserved 1048576K
}
Event: 4.399 GC heap before
{Heap before GC invocations=14 (full 0):
 garbage-first heap   total 92160K, used 77824K [0x0000000085800000, 0x0000000100000000)
  region size 1024K, 30 young (30720K), 4 survivors (4096K)
 Metaspace       used 50567K, committed 50816K, reserved 1114112K
  class space    used 5695K, committed 5824K, reserved 1048576K
}
Event: 4.414 GC heap after
{Heap after GC invocations=15 (full 0):
 garbage-first heap   total 92160K, used 59392K [0x0000000085800000, 0x0000000100000000)
  region size 1024K, 4 young (4096K), 4 survivors (4096K)
 Metaspace       used 50567K, committed 50816K, reserved 1114112K
  class space    used 5695K, committed 5824K, reserved 1048576K
}
Event: 4.488 GC heap before
{Heap before GC invocations=15 (full 0):
 garbage-first heap   total 92160K, used 77824K [0x0000000085800000, 0x0000000100000000)
  region size 1024K, 22 young (22528K), 4 survivors (4096K)
 Metaspace       used 50684K, committed 51008K, reserved 1114112K
  class space    used 5698K, committed 5824K, reserved 1048576K
}
Event: 4.498 GC heap after
{Heap after GC invocations=16 (full 0):
 garbage-first heap   total 92160K, used 66048K [0x0000000085800000, 0x0000000100000000)
  region size 1024K, 3 young (3072K), 3 survivors (3072K)
 Metaspace       used 50684K, committed 51008K, reserved 1114112K
  class space    used 5698K, committed 5824K, reserved 1048576K
}
Event: 4.750 GC heap before
{Heap before GC invocations=17 (full 0):
 garbage-first heap   total 111616K, used 80384K [0x0000000085800000, 0x0000000100000000)
  region size 1024K, 17 young (17408K), 3 survivors (3072K)
 Metaspace       used 51250K, committed 51584K, reserved 1114112K
  class space    used 5737K, committed 5888K, reserved 1048576K
}
Event: 4.757 GC heap after
{Heap after GC invocations=18 (full 0):
 garbage-first heap   total 111616K, used 69632K [0x0000000085800000, 0x0000000100000000)
  region size 1024K, 3 young (3072K), 3 survivors (3072K)
 Metaspace       used 51250K, committed 51584K, reserved 1114112K
  class space    used 5737K, committed 5888K, reserved 1048576K
}
Event: 4.865 GC heap before
{Heap before GC invocations=18 (full 0):
 garbage-first heap   total 111616K, used 93184K [0x0000000085800000, 0x0000000100000000)
  region size 1024K, 27 young (27648K), 3 survivors (3072K)
 Metaspace       used 51451K, committed 51776K, reserved 1114112K
  class space    used 5742K, committed 5888K, reserved 1048576K
}
Event: 4.876 GC heap after
{Heap after GC invocations=19 (full 0):
 garbage-first heap   total 141312K, used 76354K [0x0000000085800000, 0x0000000100000000)
  region size 1024K, 4 young (4096K), 4 survivors (4096K)
 Metaspace       used 51451K, committed 51776K, reserved 1114112K
  class space    used 5742K, committed 5888K, reserved 1048576K
}
Event: 5.031 GC heap before
{Heap before GC invocations=19 (full 0):
 garbage-first heap   total 141312K, used 115266K [0x0000000085800000, 0x0000000100000000)
  region size 1024K, 42 young (43008K), 4 survivors (4096K)
 Metaspace       used 51535K, committed 51840K, reserved 1114112K
  class space    used 5745K, committed 5888K, reserved 1048576K
}
Event: 5.040 GC heap after
{Heap after GC invocations=20 (full 0):
 garbage-first heap   total 141312K, used 84377K [0x0000000085800000, 0x0000000100000000)
  region size 1024K, 6 young (6144K), 6 survivors (6144K)
 Metaspace       used 51535K, committed 51840K, reserved 1114112K
  class space    used 5745K, committed 5888K, reserved 1048576K
}
Event: 5.105 GC heap before
{Heap before GC invocations=20 (full 0):
 garbage-first heap   total 141312K, used 117145K [0x0000000085800000, 0x0000000100000000)
  region size 1024K, 38 young (38912K), 6 survivors (6144K)
 Metaspace       used 51535K, committed 51840K, reserved 1114112K
  class space    used 5745K, committed 5888K, reserved 1048576K
}
Event: 5.111 GC heap after
{Heap after GC invocations=21 (full 0):
 garbage-first heap   total 141312K, used 91136K [0x0000000085800000, 0x0000000100000000)
  region size 1024K, 5 young (5120K), 5 survivors (5120K)
 Metaspace       used 51535K, committed 51840K, reserved 1114112K
  class space    used 5745K, committed 5888K, reserved 1048576K
}
Event: 5.175 GC heap before
{Heap before GC invocations=21 (full 0):
 garbage-first heap   total 141312K, used 121856K [0x0000000085800000, 0x0000000100000000)
  region size 1024K, 35 young (35840K), 5 survivors (5120K)
 Metaspace       used 51535K, committed 51840K, reserved 1114112K
  class space    used 5745K, committed 5888K, reserved 1048576K
}
Event: 5.180 GC heap after
{Heap after GC invocations=22 (full 0):
 garbage-first heap   total 141312K, used 97738K [0x0000000085800000, 0x0000000100000000)
  region size 1024K, 5 young (5120K), 5 survivors (5120K)
 Metaspace       used 51535K, committed 51840K, reserved 1114112K
  class space    used 5745K, committed 5888K, reserved 1048576K
}
Event: 5.263 GC heap before
{Heap before GC invocations=23 (full 0):
 garbage-first heap   total 163840K, used 124362K [0x0000000085800000, 0x0000000100000000)
  region size 1024K, 31 young (31744K), 5 survivors (5120K)
 Metaspace       used 51535K, committed 51840K, reserved 1114112K
  class space    used 5745K, committed 5888K, reserved 1048576K
}
Event: 5.270 GC heap after
{Heap after GC invocations=24 (full 0):
 garbage-first heap   total 163840K, used 103217K [0x0000000085800000, 0x0000000100000000)
  region size 1024K, 4 young (4096K), 4 survivors (4096K)
 Metaspace       used 51535K, committed 51840K, reserved 1114112K
  class space    used 5745K, committed 5888K, reserved 1048576K
}
Event: 5.384 GC heap before
{Heap before GC invocations=24 (full 0):
 garbage-first heap   total 163840K, used 142129K [0x0000000085800000, 0x0000000100000000)
  region size 1024K, 42 young (43008K), 4 survivors (4096K)
 Metaspace       used 51548K, committed 51840K, reserved 1114112K
  class space    used 5746K, committed 5888K, reserved 1048576K
}

